
2022/12/14 07:50:13 [notice] 1#1: using the "epoll" event method
2022/12/14 07:50:13 [notice] 1#1: nginx/1.22.1
2022/12/14 07:50:13 [notice] 1#1: built by gcc 10.2.1 20210110 (Debian 10.2.1-6) 
2022/12/14 07:50:13 [notice] 1#1: OS: Linux 5.15.79.1-microsoft-standard-WSL2
2022/12/14 07:50:13 [notice] 1#1: getrlimit(RLIMIT_NOFILE): 1048576:1048576
2022/12/14 07:50:13 [notice] 1#1: start worker processes
2022/12/14 07:50:13 [notice] 1#1: start worker process 22
2022/12/14 07:50:13 [notice] 1#1: start worker process 23
2022/12/14 07:50:13 [notice] 1#1: start worker process 24
2022/12/14 07:50:13 [notice] 1#1: start worker process 25
2022/12/14 07:50:13 [notice] 1#1: start worker process 26
2022/12/14 07:50:13 [notice] 1#1: start worker process 27
2022/12/14 07:50:13 [notice] 1#1: start worker process 28
2022/12/14 07:50:13 [notice] 1#1: start worker process 29
2022/12/14 07:50:13 [notice] 1#1: start worker process 30
2022/12/14 07:50:13 [notice] 1#1: start worker process 31
2022/12/14 07:50:13 [notice] 1#1: start worker process 32
2022/12/14 07:50:13 [notice] 1#1: start worker process 33
2022/12/14 07:51:21 [error] 22#22: *1 open() "/usr/share/nginx/html/ssv2" failed (2: No such file or directory), client: 172.18.1.1, server: localhost, request: "GET /ssv2 HTTP/1.1", host: "localhost"
2022/12/14 07:51:25 [error] 22#22: *1 open() "/usr/share/nginx/html/ssv2" failed (2: No such file or directory), client: 172.18.1.1, server: localhost, request: "GET /ssv2 HTTP/1.1", host: "localhost"
2022/12/14 07:51:26 [error] 22#22: *1 open() "/usr/share/nginx/html/ssv2" failed (2: No such file or directory), client: 172.18.1.1, server: localhost, request: "GET /ssv2 HTTP/1.1", host: "localhost"
